[debug] [2020-09-14T18:46:13.895Z] ----------------------------------------------------------------------
[debug] [2020-09-14T18:46:13.898Z] Command:       /usr/local/bin/node /usr/local/bin/firebase emulators:start
[debug] [2020-09-14T18:46:13.898Z] CLI Version:   8.10.0
[debug] [2020-09-14T18:46:13.898Z] Platform:      darwin
[debug] [2020-09-14T18:46:13.898Z] Node Version:  v12.18.3
[debug] [2020-09-14T18:46:13.900Z] Time:          Mon Sep 14 2020 21:46:13 GMT+0300 (Eastern European Summer Time)
[debug] [2020-09-14T18:46:13.900Z] ----------------------------------------------------------------------
[debug] [2020-09-14T18:46:13.900Z] 
[debug] [2020-09-14T18:46:13.907Z] > command requires scopes: ["email","openid","https://www.googleapis.com/auth/cloudplatformprojects.readonly","https://www.googleapis.com/auth/firebase","https://www.googleapis.com/auth/cloud-platform"]
[debug] [2020-09-14T18:46:13.908Z] > authorizing via signed-in user
[info] i  emulators: Starting emulators: functions, hosting {"metadata":{"emulator":{"name":"hub"},"message":"Starting emulators: functions, hosting"}}
[debug] [2020-09-14T18:46:13.931Z] [hub] writing locator at /var/folders/vv/39fbf4zx7d9f2jm84wgnzm8m0000gn/T/hub-fir-aa8ca.json
[warn] ⚠  functions: The following emulators are not running, calls to these services from the Functions emulator will affect production: firestore, database, pubsub {"metadata":{"emulator":{"name":"functions"},"message":"The following emulators are not running, calls to these services from the Functions emulator will affect production: \u001b[1mfirestore, database, pubsub\u001b[22m"}}
[warn] ⚠  Your requested "node" version "10" doesn't match your global version "12" {"metadata":{"emulator":{"name":"functions"},"message":"Your requested \"node\" version \"10\" doesn't match your global version \"12\""}}
[debug] [2020-09-14T18:46:13.968Z] defaultcredentials: writing to file /Users/georgenikoglou/.config/firebase/georgenison_gmail_com_application_default_credentials.json
[debug] [2020-09-14T18:46:13.972Z] Setting GAC to /Users/georgenikoglou/.config/firebase/georgenison_gmail_com_application_default_credentials.json {"metadata":{"emulator":{"name":"functions"},"message":"Setting GAC to /Users/georgenikoglou/.config/firebase/georgenison_gmail_com_application_default_credentials.json"}}
[debug] [2020-09-14T18:46:14.243Z] >>> HTTP REQUEST GET https://firebase.googleapis.com/v1beta1/projects/fir-aa8ca/webApps/-/config  
 
[debug] [2020-09-14T18:46:15.425Z] <<< HTTP RESPONSE 200 {"content-type":"application/json; charset=UTF-8","vary":"X-Origin, Referer, Origin,Accept-Encoding","date":"Mon, 14 Sep 2020 18:46:15 GMT","server":"ESF","cache-control":"private","x-xss-protection":"0","x-frame-options":"SAMEORIGIN","x-content-type-options":"nosniff","alt-svc":"h3-29=\":443\"; ma=2592000,h3-27=\":443\"; ma=2592000,h3-T051=\":443\"; ma=2592000,h3-T050=\":443\"; ma=2592000,h3-Q050=\":443\"; ma=2592000,h3-Q046=\":443\"; ma=2592000,h3-Q043=\":443\"; ma=2592000,quic=\":443\"; ma=2592000; v=\"46,43\"","accept-ranges":"none","transfer-encoding":"chunked"}
[info] i  hosting: Serving hosting files from: build {"metadata":{"emulator":{"name":"hosting"},"message":"Serving hosting files from: \u001b[1mbuild\u001b[22m"}}
[info] ✔  hosting: Local server: http://localhost:5000 {"metadata":{"emulator":{"name":"hosting"},"message":"Local server: \u001b[4m\u001b[1mhttp://localhost:5000\u001b[22m\u001b[24m"}}
[debug] [2020-09-14T18:46:15.714Z] Ignoring unsupported arg: auto_download {"metadata":{"emulator":{"name":"ui"},"message":"Ignoring unsupported arg: auto_download"}}
[debug] [2020-09-14T18:46:15.714Z] Ignoring unsupported arg: port {"metadata":{"emulator":{"name":"ui"},"message":"Ignoring unsupported arg: port"}}
[debug] [2020-09-14T18:46:15.714Z] Starting Emulator UI with command {"binary":"node","args":["/Users/georgenikoglou/.cache/firebase/emulators/ui-v1.1.1/server.bundle.js"],"optionalArgs":[],"joinArgs":false} {"metadata":{"emulator":{"name":"ui"},"message":"Starting Emulator UI with command {\"binary\":\"node\",\"args\":[\"/Users/georgenikoglou/.cache/firebase/emulators/ui-v1.1.1/server.bundle.js\"],\"optionalArgs\":[],\"joinArgs\":false}"}}
[info] i  ui: Emulator UI logging to ui-debug.log {"metadata":{"emulator":{"name":"ui"},"message":"Emulator UI logging to \u001b[1mui-debug.log\u001b[22m"}}
[debug] [2020-09-14T18:46:15.850Z] Web / API server started at http://localhost:4000
 {"metadata":{"emulator":{"name":"ui"},"message":"Web / API server started at http://localhost:4000\n"}}
[info] i  functions: Watching "/Users/georgenikoglou/Desktop/Amazon clone/amzon-clone/functions" for Cloud Functions... {"metadata":{"emulator":{"name":"functions"},"message":"Watching \"/Users/georgenikoglou/Desktop/Amazon clone/amzon-clone/functions\" for Cloud Functions..."}}
[debug] [2020-09-14T18:46:15.991Z] [worker-pool] addWorker(~diagnostic~) {"metadata":{"emulator":{"name":"functions"},"message":"[worker-pool] addWorker(~diagnostic~)"}}
[debug] [2020-09-14T18:46:15.991Z] [worker-pool] Adding worker with key ~diagnostic~, total=1 {"metadata":{"emulator":{"name":"functions"},"message":"[worker-pool] Adding worker with key ~diagnostic~, total=1"}}
[debug] [2020-09-14T18:46:15.992Z] [worker-pool] submitWork(triggerId=) {"metadata":{"emulator":{"name":"functions"},"message":"[worker-pool] submitWork(triggerId=)"}}
[debug] [2020-09-14T18:46:15.992Z] [worker-~diagnostic~-6cd17fb7-0dd2-4095-8cec-9c62e17b7921]: Assigning socketPath: /var/folders/vv/39fbf4zx7d9f2jm84wgnzm8m0000gn/T/fire_emu_10265.sock {"metadata":{"emulator":{"name":"functions"},"message":"[worker-~diagnostic~-6cd17fb7-0dd2-4095-8cec-9c62e17b7921]: Assigning socketPath: /var/folders/vv/39fbf4zx7d9f2jm84wgnzm8m0000gn/T/fire_emu_10265.sock"}}
[debug] [2020-09-14T18:46:15.993Z] [worker-~diagnostic~-6cd17fb7-0dd2-4095-8cec-9c62e17b7921]: BUSY {"metadata":{"emulator":{"name":"functions"},"message":"[worker-~diagnostic~-6cd17fb7-0dd2-4095-8cec-9c62e17b7921]: BUSY"}}
[debug] [2020-09-14T18:46:16.319Z] [runtime-status] [10265] Functions runtime initialized. {"cwd":"/Users/georgenikoglou/Desktop/Amazon clone/amzon-clone/functions","node_version":"12.18.3"} {"metadata":{"emulator":{"name":"functions"},"message":"[runtime-status] [10265] Functions runtime initialized. {\"cwd\":\"/Users/georgenikoglou/Desktop/Amazon clone/amzon-clone/functions\",\"node_version\":\"12.18.3\"}"}}
[debug] [2020-09-14T18:46:16.320Z] [runtime-status] [10265] Disabled runtime features: undefined {"metadata":{"emulator":{"name":"functions"},"message":"[runtime-status] [10265] Disabled runtime features: undefined"}}
[debug] [2020-09-14T18:46:16.323Z] [runtime-status] [10265] Resolved module firebase-admin {"declared":true,"installed":true,"version":"8.13.0","resolution":"/Users/georgenikoglou/Desktop/Amazon clone/amzon-clone/functions/node_modules/firebase-admin/lib/index.js"} {"metadata":{"emulator":{"name":"functions"},"message":"[runtime-status] [10265] Resolved module firebase-admin {\"declared\":true,\"installed\":true,\"version\":\"8.13.0\",\"resolution\":\"/Users/georgenikoglou/Desktop/Amazon clone/amzon-clone/functions/node_modules/firebase-admin/lib/index.js\"}"}}
[debug] [2020-09-14T18:46:16.326Z] [runtime-status] [10265] Resolved module firebase-functions {"declared":true,"installed":true,"version":"3.11.0","resolution":"/Users/georgenikoglou/Desktop/Amazon clone/amzon-clone/functions/node_modules/firebase-functions/lib/index.js"} {"metadata":{"emulator":{"name":"functions"},"message":"[runtime-status] [10265] Resolved module firebase-functions {\"declared\":true,\"installed\":true,\"version\":\"3.11.0\",\"resolution\":\"/Users/georgenikoglou/Desktop/Amazon clone/amzon-clone/functions/node_modules/firebase-functions/lib/index.js\"}"}}
[debug] [2020-09-14T18:46:16.327Z] [runtime-status] [10265] Resolved module firebase-functions {"declared":true,"installed":true,"version":"3.11.0","resolution":"/Users/georgenikoglou/Desktop/Amazon clone/amzon-clone/functions/node_modules/firebase-functions/lib/index.js"} {"metadata":{"emulator":{"name":"functions"},"message":"[runtime-status] [10265] Resolved module firebase-functions {\"declared\":true,\"installed\":true,\"version\":\"3.11.0\",\"resolution\":\"/Users/georgenikoglou/Desktop/Amazon clone/amzon-clone/functions/node_modules/firebase-functions/lib/index.js\"}"}}
[debug] [2020-09-14T18:46:16.329Z] [runtime-status] [10265] Outgoing network have been stubbed. [{"name":"http","status":"mocked"},{"name":"http","status":"mocked"},{"name":"https","status":"mocked"},{"name":"https","status":"mocked"},{"name":"net","status":"mocked"}] {"metadata":{"emulator":{"name":"functions"},"message":"[runtime-status] [10265] Outgoing network have been stubbed. [{\"name\":\"http\",\"status\":\"mocked\"},{\"name\":\"http\",\"status\":\"mocked\"},{\"name\":\"https\",\"status\":\"mocked\"},{\"name\":\"https\",\"status\":\"mocked\"},{\"name\":\"net\",\"status\":\"mocked\"}]"}}
[debug] [2020-09-14T18:46:16.330Z] [runtime-status] [10265] Resolved module firebase-functions {"declared":true,"installed":true,"version":"3.11.0","resolution":"/Users/georgenikoglou/Desktop/Amazon clone/amzon-clone/functions/node_modules/firebase-functions/lib/index.js"} {"metadata":{"emulator":{"name":"functions"},"message":"[runtime-status] [10265] Resolved module firebase-functions {\"declared\":true,\"installed\":true,\"version\":\"3.11.0\",\"resolution\":\"/Users/georgenikoglou/Desktop/Amazon clone/amzon-clone/functions/node_modules/firebase-functions/lib/index.js\"}"}}
[debug] [2020-09-14T18:46:16.368Z] [runtime-status] [10265] Checked functions.config() {"config":{}} {"metadata":{"emulator":{"name":"functions"},"message":"[runtime-status] [10265] Checked functions.config() {\"config\":{}}"}}
[debug] [2020-09-14T18:46:16.369Z] [runtime-status] [10265] firebase-functions has been stubbed. {"functionsResolution":{"declared":true,"installed":true,"version":"3.11.0","resolution":"/Users/georgenikoglou/Desktop/Amazon clone/amzon-clone/functions/node_modules/firebase-functions/lib/index.js"}} {"metadata":{"emulator":{"name":"functions"},"message":"[runtime-status] [10265] firebase-functions has been stubbed. {\"functionsResolution\":{\"declared\":true,\"installed\":true,\"version\":\"3.11.0\",\"resolution\":\"/Users/georgenikoglou/Desktop/Amazon clone/amzon-clone/functions/node_modules/firebase-functions/lib/index.js\"}}"}}
[debug] [2020-09-14T18:46:16.369Z] [runtime-status] [10265] Resolved module firebase-functions {"declared":true,"installed":true,"version":"3.11.0","resolution":"/Users/georgenikoglou/Desktop/Amazon clone/amzon-clone/functions/node_modules/firebase-functions/lib/index.js"} {"metadata":{"emulator":{"name":"functions"},"message":"[runtime-status] [10265] Resolved module firebase-functions {\"declared\":true,\"installed\":true,\"version\":\"3.11.0\",\"resolution\":\"/Users/georgenikoglou/Desktop/Amazon clone/amzon-clone/functions/node_modules/firebase-functions/lib/index.js\"}"}}
[debug] [2020-09-14T18:46:16.370Z] [runtime-status] [10265] Resolved module firebase-admin {"declared":true,"installed":true,"version":"8.13.0","resolution":"/Users/georgenikoglou/Desktop/Amazon clone/amzon-clone/functions/node_modules/firebase-admin/lib/index.js"} {"metadata":{"emulator":{"name":"functions"},"message":"[runtime-status] [10265] Resolved module firebase-admin {\"declared\":true,\"installed\":true,\"version\":\"8.13.0\",\"resolution\":\"/Users/georgenikoglou/Desktop/Amazon clone/amzon-clone/functions/node_modules/firebase-admin/lib/index.js\"}"}}
[debug] [2020-09-14T18:46:16.371Z] [runtime-status] [10265] Resolved module firebase-functions {"declared":true,"installed":true,"version":"3.11.0","resolution":"/Users/georgenikoglou/Desktop/Amazon clone/amzon-clone/functions/node_modules/firebase-functions/lib/index.js"} {"metadata":{"emulator":{"name":"functions"},"message":"[runtime-status] [10265] Resolved module firebase-functions {\"declared\":true,\"installed\":true,\"version\":\"3.11.0\",\"resolution\":\"/Users/georgenikoglou/Desktop/Amazon clone/amzon-clone/functions/node_modules/firebase-functions/lib/index.js\"}"}}
[debug] [2020-09-14T18:46:16.371Z] [runtime-status] [10265] firebase-admin has been stubbed. {"adminResolution":{"declared":true,"installed":true,"version":"8.13.0","resolution":"/Users/georgenikoglou/Desktop/Amazon clone/amzon-clone/functions/node_modules/firebase-admin/lib/index.js"}} {"metadata":{"emulator":{"name":"functions"},"message":"[runtime-status] [10265] firebase-admin has been stubbed. {\"adminResolution\":{\"declared\":true,\"installed\":true,\"version\":\"8.13.0\",\"resolution\":\"/Users/georgenikoglou/Desktop/Amazon clone/amzon-clone/functions/node_modules/firebase-admin/lib/index.js\"}}"}}
[info] ✔  functions[api]: http function initialized (http://localhost:5001/fir-aa8ca/us-central1/api). {"metadata":{"emulator":{"name":"functions"},"message":"\u001b[1mhttp\u001b[22m function initialized (http://localhost:5001/fir-aa8ca/us-central1/api)."}}
[info] 
┌───────────────────────────────────────────────────────────────────────┐
│ ✔  All emulators ready! View status and logs at http://localhost:4000 │
└───────────────────────────────────────────────────────────────────────┘

┌───────────┬────────────────┬─────────────────────────────────┐
│ Emulator  │ Host:Port      │ View in Emulator UI             │
├───────────┼────────────────┼─────────────────────────────────┤
│ Functions │ localhost:5001 │ http://localhost:4000/functions │
├───────────┼────────────────┼─────────────────────────────────┤
│ Hosting   │ localhost:5000 │ n/a                             │
└───────────┴────────────────┴─────────────────────────────────┘
  Other reserved ports: 4400, 4500

Issues? Report them at https://github.com/firebase/firebase-tools/issues and attach the *-debug.log files.
 
[debug] [2020-09-14T18:46:16.504Z] [worker-~diagnostic~-6cd17fb7-0dd2-4095-8cec-9c62e17b7921]: IDLE {"metadata":{"emulator":{"name":"functions"},"message":"[worker-~diagnostic~-6cd17fb7-0dd2-4095-8cec-9c62e17b7921]: IDLE"}}
[debug] [2020-09-14T18:47:45.187Z] [work-queue] {"queueLength":1,"workRunningCount":0}
[debug] [2020-09-14T18:47:45.188Z] [work-queue] {"queueLength":0,"workRunningCount":1}
[debug] [2020-09-14T18:47:45.188Z] Accepted request GET /fir-aa8ca/us-central1/api --> api
[debug] [2020-09-14T18:47:45.193Z] [worker-pool] addWorker(api) {"metadata":{"emulator":{"name":"functions"},"message":"[worker-pool] addWorker(api)"}}
[debug] [2020-09-14T18:47:45.194Z] [worker-pool] Adding worker with key api, total=1 {"metadata":{"emulator":{"name":"functions"},"message":"[worker-pool] Adding worker with key api, total=1"}}
[debug] [2020-09-14T18:47:45.194Z] [worker-pool] submitWork(triggerId=api) {"metadata":{"emulator":{"name":"functions"},"message":"[worker-pool] submitWork(triggerId=api)"}}
[debug] [2020-09-14T18:47:45.194Z] [worker-api-557ccac2-8747-4956-9109-8cd4f69913c9]: Assigning socketPath: /var/folders/vv/39fbf4zx7d9f2jm84wgnzm8m0000gn/T/fire_emu_10315.sock {"metadata":{"emulator":{"name":"functions"},"message":"[worker-api-557ccac2-8747-4956-9109-8cd4f69913c9]: Assigning socketPath: /var/folders/vv/39fbf4zx7d9f2jm84wgnzm8m0000gn/T/fire_emu_10315.sock"}}
[debug] [2020-09-14T18:47:45.194Z] [worker-api-557ccac2-8747-4956-9109-8cd4f69913c9]: BUSY {"metadata":{"emulator":{"name":"functions"},"message":"[worker-api-557ccac2-8747-4956-9109-8cd4f69913c9]: BUSY"}}
[debug] [2020-09-14T18:47:45.557Z] [runtime-status] [10315] Functions runtime initialized. {"cwd":"/Users/georgenikoglou/Desktop/Amazon clone/amzon-clone/functions","node_version":"12.18.3"} {"metadata":{"emulator":{"name":"functions"},"function":{"name":"api"},"message":"[runtime-status] [10315] Functions runtime initialized. {\"cwd\":\"/Users/georgenikoglou/Desktop/Amazon clone/amzon-clone/functions\",\"node_version\":\"12.18.3\"}"}}
[debug] [2020-09-14T18:47:45.559Z] [runtime-status] [10315] Disabled runtime features: undefined {"metadata":{"emulator":{"name":"functions"},"function":{"name":"api"},"message":"[runtime-status] [10315] Disabled runtime features: undefined"}}
[debug] [2020-09-14T18:47:45.563Z] [runtime-status] [10315] Resolved module firebase-admin {"declared":true,"installed":true,"version":"8.13.0","resolution":"/Users/georgenikoglou/Desktop/Amazon clone/amzon-clone/functions/node_modules/firebase-admin/lib/index.js"} {"metadata":{"emulator":{"name":"functions"},"function":{"name":"api"},"message":"[runtime-status] [10315] Resolved module firebase-admin {\"declared\":true,\"installed\":true,\"version\":\"8.13.0\",\"resolution\":\"/Users/georgenikoglou/Desktop/Amazon clone/amzon-clone/functions/node_modules/firebase-admin/lib/index.js\"}"}}
[debug] [2020-09-14T18:47:45.564Z] [runtime-status] [10315] Resolved module firebase-functions {"declared":true,"installed":true,"version":"3.11.0","resolution":"/Users/georgenikoglou/Desktop/Amazon clone/amzon-clone/functions/node_modules/firebase-functions/lib/index.js"} {"metadata":{"emulator":{"name":"functions"},"function":{"name":"api"},"message":"[runtime-status] [10315] Resolved module firebase-functions {\"declared\":true,\"installed\":true,\"version\":\"3.11.0\",\"resolution\":\"/Users/georgenikoglou/Desktop/Amazon clone/amzon-clone/functions/node_modules/firebase-functions/lib/index.js\"}"}}
[debug] [2020-09-14T18:47:45.565Z] [runtime-status] [10315] Resolved module firebase-functions {"declared":true,"installed":true,"version":"3.11.0","resolution":"/Users/georgenikoglou/Desktop/Amazon clone/amzon-clone/functions/node_modules/firebase-functions/lib/index.js"} {"metadata":{"emulator":{"name":"functions"},"function":{"name":"api"},"message":"[runtime-status] [10315] Resolved module firebase-functions {\"declared\":true,\"installed\":true,\"version\":\"3.11.0\",\"resolution\":\"/Users/georgenikoglou/Desktop/Amazon clone/amzon-clone/functions/node_modules/firebase-functions/lib/index.js\"}"}}
[debug] [2020-09-14T18:47:45.569Z] [runtime-status] [10315] Outgoing network have been stubbed. [{"name":"http","status":"mocked"},{"name":"http","status":"mocked"},{"name":"https","status":"mocked"},{"name":"https","status":"mocked"},{"name":"net","status":"mocked"}] {"metadata":{"emulator":{"name":"functions"},"function":{"name":"api"},"message":"[runtime-status] [10315] Outgoing network have been stubbed. [{\"name\":\"http\",\"status\":\"mocked\"},{\"name\":\"http\",\"status\":\"mocked\"},{\"name\":\"https\",\"status\":\"mocked\"},{\"name\":\"https\",\"status\":\"mocked\"},{\"name\":\"net\",\"status\":\"mocked\"}]"}}
[debug] [2020-09-14T18:47:45.569Z] [runtime-status] [10315] Resolved module firebase-functions {"declared":true,"installed":true,"version":"3.11.0","resolution":"/Users/georgenikoglou/Desktop/Amazon clone/amzon-clone/functions/node_modules/firebase-functions/lib/index.js"} {"metadata":{"emulator":{"name":"functions"},"function":{"name":"api"},"message":"[runtime-status] [10315] Resolved module firebase-functions {\"declared\":true,\"installed\":true,\"version\":\"3.11.0\",\"resolution\":\"/Users/georgenikoglou/Desktop/Amazon clone/amzon-clone/functions/node_modules/firebase-functions/lib/index.js\"}"}}
[debug] [2020-09-14T18:47:45.621Z] [runtime-status] [10315] Checked functions.config() {"config":{}} {"metadata":{"emulator":{"name":"functions"},"function":{"name":"api"},"message":"[runtime-status] [10315] Checked functions.config() {\"config\":{}}"}}
[debug] [2020-09-14T18:47:45.621Z] [runtime-status] [10315] firebase-functions has been stubbed. {"functionsResolution":{"declared":true,"installed":true,"version":"3.11.0","resolution":"/Users/georgenikoglou/Desktop/Amazon clone/amzon-clone/functions/node_modules/firebase-functions/lib/index.js"}} {"metadata":{"emulator":{"name":"functions"},"function":{"name":"api"},"message":"[runtime-status] [10315] firebase-functions has been stubbed. {\"functionsResolution\":{\"declared\":true,\"installed\":true,\"version\":\"3.11.0\",\"resolution\":\"/Users/georgenikoglou/Desktop/Amazon clone/amzon-clone/functions/node_modules/firebase-functions/lib/index.js\"}}"}}
[debug] [2020-09-14T18:47:45.622Z] [runtime-status] [10315] Resolved module firebase-functions {"declared":true,"installed":true,"version":"3.11.0","resolution":"/Users/georgenikoglou/Desktop/Amazon clone/amzon-clone/functions/node_modules/firebase-functions/lib/index.js"} {"metadata":{"emulator":{"name":"functions"},"function":{"name":"api"},"message":"[runtime-status] [10315] Resolved module firebase-functions {\"declared\":true,\"installed\":true,\"version\":\"3.11.0\",\"resolution\":\"/Users/georgenikoglou/Desktop/Amazon clone/amzon-clone/functions/node_modules/firebase-functions/lib/index.js\"}"}}
[debug] [2020-09-14T18:47:45.623Z] [runtime-status] [10315] Resolved module firebase-admin {"declared":true,"installed":true,"version":"8.13.0","resolution":"/Users/georgenikoglou/Desktop/Amazon clone/amzon-clone/functions/node_modules/firebase-admin/lib/index.js"} {"metadata":{"emulator":{"name":"functions"},"function":{"name":"api"},"message":"[runtime-status] [10315] Resolved module firebase-admin {\"declared\":true,\"installed\":true,\"version\":\"8.13.0\",\"resolution\":\"/Users/georgenikoglou/Desktop/Amazon clone/amzon-clone/functions/node_modules/firebase-admin/lib/index.js\"}"}}
[debug] [2020-09-14T18:47:45.624Z] [runtime-status] [10315] Resolved module firebase-functions {"declared":true,"installed":true,"version":"3.11.0","resolution":"/Users/georgenikoglou/Desktop/Amazon clone/amzon-clone/functions/node_modules/firebase-functions/lib/index.js"} {"metadata":{"emulator":{"name":"functions"},"function":{"name":"api"},"message":"[runtime-status] [10315] Resolved module firebase-functions {\"declared\":true,\"installed\":true,\"version\":\"3.11.0\",\"resolution\":\"/Users/georgenikoglou/Desktop/Amazon clone/amzon-clone/functions/node_modules/firebase-functions/lib/index.js\"}"}}
[debug] [2020-09-14T18:47:45.624Z] [runtime-status] [10315] firebase-admin has been stubbed. {"adminResolution":{"declared":true,"installed":true,"version":"8.13.0","resolution":"/Users/georgenikoglou/Desktop/Amazon clone/amzon-clone/functions/node_modules/firebase-admin/lib/index.js"}} {"metadata":{"emulator":{"name":"functions"},"function":{"name":"api"},"message":"[runtime-status] [10315] firebase-admin has been stubbed. {\"adminResolution\":{\"declared\":true,\"installed\":true,\"version\":\"8.13.0\",\"resolution\":\"/Users/georgenikoglou/Desktop/Amazon clone/amzon-clone/functions/node_modules/firebase-admin/lib/index.js\"}}"}}
[debug] [2020-09-14T18:47:45.764Z] [runtime-status] [10315] Trigger "api" has been found, beginning invocation! {"metadata":{"emulator":{"name":"functions"},"function":{"name":"api"},"message":"[runtime-status] [10315] Trigger \"api\" has been found, beginning invocation!"}}
[info] i  functions: Beginning execution of "api" {"metadata":{"emulator":{"name":"functions"},"function":{"name":"api"},"message":"Beginning execution of \"api\""}}
[debug] [2020-09-14T18:47:45.766Z] [runtime-status] [10315] triggerDefinition {"httpsTrigger":{},"name":"api","entryPoint":"api"} {"metadata":{"emulator":{"name":"functions"},"function":{"name":"api"},"message":"[runtime-status] [10315] triggerDefinition {\"httpsTrigger\":{},\"name\":\"api\",\"entryPoint\":\"api\"}"}}
[debug] [2020-09-14T18:47:45.767Z] [runtime-status] [10315] Running api in mode HTTPS {"metadata":{"emulator":{"name":"functions"},"function":{"name":"api"},"message":"[runtime-status] [10315] Running api in mode HTTPS"}}
[debug] [2020-09-14T18:47:45.773Z] [runtime-status] [10315] Attempting to listen to socketPath: /var/folders/vv/39fbf4zx7d9f2jm84wgnzm8m0000gn/T/fire_emu_10315.sock {"metadata":{"emulator":{"name":"functions"},"function":{"name":"api"},"message":"[runtime-status] [10315] Attempting to listen to socketPath: /var/folders/vv/39fbf4zx7d9f2jm84wgnzm8m0000gn/T/fire_emu_10315.sock"}}
[debug] [2020-09-14T18:47:45.776Z] [functions] Runtime ready! Sending request! {"metadata":{"emulator":{"name":"functions"},"message":"[functions] Runtime ready! Sending request!"}}
[debug] [2020-09-14T18:47:45.786Z] [runtime-status] [10315] Ephemeral server handling GET request {"metadata":{"emulator":{"name":"functions"},"function":{"name":"api"},"message":"[runtime-status] [10315] Ephemeral server handling GET request"}}
[debug] [2020-09-14T18:47:45.797Z] [runtime-status] [10315] Ephemeral server survived. {"metadata":{"emulator":{"name":"functions"},"function":{"name":"api"},"message":"[runtime-status] [10315] Ephemeral server survived."}}
[info] i  functions: Finished "api" in ~1s {"metadata":{"emulator":{"name":"functions"},"function":{"name":"api"},"message":"Finished \"api\" in ~1s"}}
[debug] [2020-09-14T18:47:45.802Z] [worker-api-557ccac2-8747-4956-9109-8cd4f69913c9]: IDLE {"metadata":{"emulator":{"name":"functions"},"message":"[worker-api-557ccac2-8747-4956-9109-8cd4f69913c9]: IDLE"}}
[debug] [2020-09-14T18:47:45.802Z] [work-queue] {"queueLength":0,"workRunningCount":0}
[debug] [2020-09-14T18:48:25.125Z] [work-queue] {"queueLength":1,"workRunningCount":0}
[debug] [2020-09-14T18:48:25.126Z] [work-queue] {"queueLength":0,"workRunningCount":1}
[debug] [2020-09-14T18:48:25.126Z] Accepted request POST /fir-aa8ca/us-central1/api/payments/create?total=159999 --> api
[debug] [2020-09-14T18:48:25.126Z] [worker-pool] submitWork(triggerId=api) {"metadata":{"emulator":{"name":"functions"},"message":"[worker-pool] submitWork(triggerId=api)"}}
[debug] [2020-09-14T18:48:25.127Z] [worker-api-557ccac2-8747-4956-9109-8cd4f69913c9]: Assigning socketPath: /var/folders/vv/39fbf4zx7d9f2jm84wgnzm8m0000gn/T/fire_emu_10315.sock {"metadata":{"emulator":{"name":"functions"},"message":"[worker-api-557ccac2-8747-4956-9109-8cd4f69913c9]: Assigning socketPath: /var/folders/vv/39fbf4zx7d9f2jm84wgnzm8m0000gn/T/fire_emu_10315.sock"}}
[debug] [2020-09-14T18:48:25.127Z] [worker-api-557ccac2-8747-4956-9109-8cd4f69913c9]: BUSY {"metadata":{"emulator":{"name":"functions"},"message":"[worker-api-557ccac2-8747-4956-9109-8cd4f69913c9]: BUSY"}}
[debug] [2020-09-14T18:48:25.128Z] [runtime-status] [10315] Trigger "api" has been found, beginning invocation! {"metadata":{"emulator":{"name":"functions"},"function":{"name":"api"},"message":"[runtime-status] [10315] Trigger \"api\" has been found, beginning invocation!"}}
[info] i  functions: Beginning execution of "api" {"metadata":{"emulator":{"name":"functions"},"function":{"name":"api"},"message":"Beginning execution of \"api\""}}
[debug] [2020-09-14T18:48:25.129Z] [runtime-status] [10315] triggerDefinition {"httpsTrigger":{},"name":"api","entryPoint":"api"} {"metadata":{"emulator":{"name":"functions"},"function":{"name":"api"},"message":"[runtime-status] [10315] triggerDefinition {\"httpsTrigger\":{},\"name\":\"api\",\"entryPoint\":\"api\"}"}}
[debug] [2020-09-14T18:48:25.129Z] [runtime-status] [10315] Running api in mode HTTPS {"metadata":{"emulator":{"name":"functions"},"function":{"name":"api"},"message":"[runtime-status] [10315] Running api in mode HTTPS"}}
[debug] [2020-09-14T18:48:25.130Z] [runtime-status] [10315] Attempting to listen to socketPath: /var/folders/vv/39fbf4zx7d9f2jm84wgnzm8m0000gn/T/fire_emu_10315.sock {"metadata":{"emulator":{"name":"functions"},"function":{"name":"api"},"message":"[runtime-status] [10315] Attempting to listen to socketPath: /var/folders/vv/39fbf4zx7d9f2jm84wgnzm8m0000gn/T/fire_emu_10315.sock"}}
[debug] [2020-09-14T18:48:25.132Z] [functions] Runtime ready! Sending request! {"metadata":{"emulator":{"name":"functions"},"message":"[functions] Runtime ready! Sending request!"}}
[debug] [2020-09-14T18:48:25.141Z] [runtime-status] [10315] Ephemeral server handling POST request {"metadata":{"emulator":{"name":"functions"},"function":{"name":"api"},"message":"[runtime-status] [10315] Ephemeral server handling POST request"}}
[info] >  payment received boom 159999 {"user":"payment received boom 159999","metadata":{"emulator":{"name":"functions"},"function":{"name":"api"},"message":"\u001b[90m> \u001b[39m payment received boom 159999"}}
[debug] [2020-09-14T18:48:25.144Z] [runtime-status] [10315] Ephemeral server survived. {"metadata":{"emulator":{"name":"functions"},"function":{"name":"api"},"message":"[runtime-status] [10315] Ephemeral server survived."}}
[info] >  (node:10315) UnhandledPromiseRejectionWarning: TypeError: Cannot read property 'paymentIntends' of undefined {"user":"(node:10315) UnhandledPromiseRejectionWarning: TypeError: Cannot read property 'paymentIntends' of undefined","metadata":{"emulator":{"name":"functions"},"function":{"name":"api"},"message":"\u001b[90m> \u001b[39m (node:10315) UnhandledPromiseRejectionWarning: TypeError: Cannot read property 'paymentIntends' of undefined"}}
[info] >      at /Users/georgenikoglou/Desktop/Amazon clone/amzon-clone/functions/index.js:26:40 {"user":"    at /Users/georgenikoglou/Desktop/Amazon clone/amzon-clone/functions/index.js:26:40","metadata":{"emulator":{"name":"functions"},"function":{"name":"api"},"message":"\u001b[90m> \u001b[39m     at /Users/georgenikoglou/Desktop/Amazon clone/amzon-clone/functions/index.js:26:40"}}
[info] >      at Layer.handle [as handle_request] (/Users/georgenikoglou/Desktop/Amazon clone/amzon-clone/functions/node_modules/express/lib/router/layer.js:95:5) {"user":"    at Layer.handle [as handle_request] (/Users/georgenikoglou/Desktop/Amazon clone/amzon-clone/functions/node_modules/express/lib/router/layer.js:95:5)","metadata":{"emulator":{"name":"functions"},"function":{"name":"api"},"message":"\u001b[90m> \u001b[39m     at Layer.handle [as handle_request] (/Users/georgenikoglou/Desktop/Amazon clone/amzon-clone/functions/node_modules/express/lib/router/layer.js:95:5)"}}
[info] >      at next (/Users/georgenikoglou/Desktop/Amazon clone/amzon-clone/functions/node_modules/express/lib/router/route.js:137:13) {"user":"    at next (/Users/georgenikoglou/Desktop/Amazon clone/amzon-clone/functions/node_modules/express/lib/router/route.js:137:13)","metadata":{"emulator":{"name":"functions"},"function":{"name":"api"},"message":"\u001b[90m> \u001b[39m     at next (/Users/georgenikoglou/Desktop/Amazon clone/amzon-clone/functions/node_modules/express/lib/router/route.js:137:13)"}}
[info] >      at Route.dispatch (/Users/georgenikoglou/Desktop/Amazon clone/amzon-clone/functions/node_modules/express/lib/router/route.js:112:3) {"user":"    at Route.dispatch (/Users/georgenikoglou/Desktop/Amazon clone/amzon-clone/functions/node_modules/express/lib/router/route.js:112:3)","metadata":{"emulator":{"name":"functions"},"function":{"name":"api"},"message":"\u001b[90m> \u001b[39m     at Route.dispatch (/Users/georgenikoglou/Desktop/Amazon clone/amzon-clone/functions/node_modules/express/lib/router/route.js:112:3)"}}
[info] >      at Layer.handle [as handle_request] (/Users/georgenikoglou/Desktop/Amazon clone/amzon-clone/functions/node_modules/express/lib/router/layer.js:95:5) {"user":"    at Layer.handle [as handle_request] (/Users/georgenikoglou/Desktop/Amazon clone/amzon-clone/functions/node_modules/express/lib/router/layer.js:95:5)","metadata":{"emulator":{"name":"functions"},"function":{"name":"api"},"message":"\u001b[90m> \u001b[39m     at Layer.handle [as handle_request] (/Users/georgenikoglou/Desktop/Amazon clone/amzon-clone/functions/node_modules/express/lib/router/layer.js:95:5)"}}
[info] >      at /Users/georgenikoglou/Desktop/Amazon clone/amzon-clone/functions/node_modules/express/lib/router/index.js:281:22 {"user":"    at /Users/georgenikoglou/Desktop/Amazon clone/amzon-clone/functions/node_modules/express/lib/router/index.js:281:22","metadata":{"emulator":{"name":"functions"},"function":{"name":"api"},"message":"\u001b[90m> \u001b[39m     at /Users/georgenikoglou/Desktop/Amazon clone/amzon-clone/functions/node_modules/express/lib/router/index.js:281:22"}}
[info] >      at Function.process_params (/Users/georgenikoglou/Desktop/Amazon clone/amzon-clone/functions/node_modules/express/lib/router/index.js:335:12) {"user":"    at Function.process_params (/Users/georgenikoglou/Desktop/Amazon clone/amzon-clone/functions/node_modules/express/lib/router/index.js:335:12)","metadata":{"emulator":{"name":"functions"},"function":{"name":"api"},"message":"\u001b[90m> \u001b[39m     at Function.process_params (/Users/georgenikoglou/Desktop/Amazon clone/amzon-clone/functions/node_modules/express/lib/router/index.js:335:12)"}}
[info] >      at next (/Users/georgenikoglou/Desktop/Amazon clone/amzon-clone/functions/node_modules/express/lib/router/index.js:275:10) {"user":"    at next (/Users/georgenikoglou/Desktop/Amazon clone/amzon-clone/functions/node_modules/express/lib/router/index.js:275:10)","metadata":{"emulator":{"name":"functions"},"function":{"name":"api"},"message":"\u001b[90m> \u001b[39m     at next (/Users/georgenikoglou/Desktop/Amazon clone/amzon-clone/functions/node_modules/express/lib/router/index.js:275:10)"}}
[info] >      at jsonParser (/Users/georgenikoglou/Desktop/Amazon clone/amzon-clone/functions/node_modules/body-parser/lib/types/json.js:119:7) {"user":"    at jsonParser (/Users/georgenikoglou/Desktop/Amazon clone/amzon-clone/functions/node_modules/body-parser/lib/types/json.js:119:7)","metadata":{"emulator":{"name":"functions"},"function":{"name":"api"},"message":"\u001b[90m> \u001b[39m     at jsonParser (/Users/georgenikoglou/Desktop/Amazon clone/amzon-clone/functions/node_modules/body-parser/lib/types/json.js:119:7)"}}
[info] >      at Layer.handle [as handle_request] (/Users/georgenikoglou/Desktop/Amazon clone/amzon-clone/functions/node_modules/express/lib/router/layer.js:95:5) {"user":"    at Layer.handle [as handle_request] (/Users/georgenikoglou/Desktop/Amazon clone/amzon-clone/functions/node_modules/express/lib/router/layer.js:95:5)","metadata":{"emulator":{"name":"functions"},"function":{"name":"api"},"message":"\u001b[90m> \u001b[39m     at Layer.handle [as handle_request] (/Users/georgenikoglou/Desktop/Amazon clone/amzon-clone/functions/node_modules/express/lib/router/layer.js:95:5)"}}
[info] >  (node:10315) UnhandledPromiseRejectionWarning: Unhandled promise rejection. This error originated either by throwing inside of an async function without a catch block, or by rejecting a promise which was not handled with .catch(). To terminate the node process on unhandled promise rejection, use the CLI flag `--unhandled-rejections=strict` (see https://nodejs.org/api/cli.html#cli_unhandled_rejections_mode). (rejection id: 1) {"user":"(node:10315) UnhandledPromiseRejectionWarning: Unhandled promise rejection. This error originated either by throwing inside of an async function without a catch block, or by rejecting a promise which was not handled with .catch(). To terminate the node process on unhandled promise rejection, use the CLI flag `--unhandled-rejections=strict` (see https://nodejs.org/api/cli.html#cli_unhandled_rejections_mode). (rejection id: 1)","metadata":{"emulator":{"name":"functions"},"function":{"name":"api"},"message":"\u001b[90m> \u001b[39m (node:10315) UnhandledPromiseRejectionWarning: Unhandled promise rejection. This error originated either by throwing inside of an async function without a catch block, or by rejecting a promise which was not handled with .catch(). To terminate the node process on unhandled promise rejection, use the CLI flag `--unhandled-rejections=strict` (see https://nodejs.org/api/cli.html#cli_unhandled_rejections_mode). (rejection id: 1)"}}
[info] >  (node:10315) [DEP0018] DeprecationWarning: Unhandled promise rejections are deprecated. In the future, promise rejections that are not handled will terminate the Node.js process with a non-zero exit code. {"user":"(node:10315) [DEP0018] DeprecationWarning: Unhandled promise rejections are deprecated. In the future, promise rejections that are not handled will terminate the Node.js process with a non-zero exit code.","metadata":{"emulator":{"name":"functions"},"function":{"name":"api"},"message":"\u001b[90m> \u001b[39m (node:10315) [DEP0018] DeprecationWarning: Unhandled promise rejections are deprecated. In the future, promise rejections that are not handled will terminate the Node.js process with a non-zero exit code."}}
[warn] ⚠  functions: Your function timed out after ~60s. To configure this timeout, see
      https://firebase.google.com/docs/functions/manage-functions#set_timeout_and_memory_allocation. {"metadata":{"emulator":{"name":"functions"},"function":{"name":"api"},"message":"Your function timed out after ~60s. To configure this timeout, see\n      https://firebase.google.com/docs/functions/manage-functions#set_timeout_and_memory_allocation."}}
[info] >  /usr/local/lib/node_modules/firebase-tools/lib/emulator/functionsEmulatorRuntime.js:642 {"user":"/usr/local/lib/node_modules/firebase-tools/lib/emulator/functionsEmulatorRuntime.js:642","metadata":{"emulator":{"name":"functions"},"function":{"name":"api"},"message":"\u001b[90m> \u001b[39m /usr/local/lib/node_modules/firebase-tools/lib/emulator/functionsEmulatorRuntime.js:642"}}
[info] >                  throw new Error("Function timed out."); {"user":"                throw new Error(\"Function timed out.\");","metadata":{"emulator":{"name":"functions"},"function":{"name":"api"},"message":"\u001b[90m> \u001b[39m                 throw new Error(\"Function timed out.\");"}}
[info] >                  ^ {"user":"                ^","metadata":{"emulator":{"name":"functions"},"function":{"name":"api"},"message":"\u001b[90m> \u001b[39m                 ^"}}
[info] >   {"user":"","metadata":{"emulator":{"name":"functions"},"function":{"name":"api"},"message":"\u001b[90m> \u001b[39m "}}
[info] >  Error: Function timed out. {"user":"Error: Function timed out.","metadata":{"emulator":{"name":"functions"},"function":{"name":"api"},"message":"\u001b[90m> \u001b[39m Error: Function timed out."}}
[info] >      at Timeout._onTimeout (/usr/local/lib/node_modules/firebase-tools/lib/emulator/functionsEmulatorRuntime.js:642:23) {"user":"    at Timeout._onTimeout (/usr/local/lib/node_modules/firebase-tools/lib/emulator/functionsEmulatorRuntime.js:642:23)","metadata":{"emulator":{"name":"functions"},"function":{"name":"api"},"message":"\u001b[90m> \u001b[39m     at Timeout._onTimeout (/usr/local/lib/node_modules/firebase-tools/lib/emulator/functionsEmulatorRuntime.js:642:23)"}}
[info] >      at listOnTimeout (internal/timers.js:549:17) {"user":"    at listOnTimeout (internal/timers.js:549:17)","metadata":{"emulator":{"name":"functions"},"function":{"name":"api"},"message":"\u001b[90m> \u001b[39m     at listOnTimeout (internal/timers.js:549:17)"}}
[info] >      at processTimers (internal/timers.js:492:7) {"user":"    at processTimers (internal/timers.js:492:7)","metadata":{"emulator":{"name":"functions"},"function":{"name":"api"},"message":"\u001b[90m> \u001b[39m     at processTimers (internal/timers.js:492:7)"}}
[debug] [2020-09-14T18:49:25.154Z] [worker-api-557ccac2-8747-4956-9109-8cd4f69913c9]: exited {"metadata":{"emulator":{"name":"functions"},"message":"[worker-api-557ccac2-8747-4956-9109-8cd4f69913c9]: exited"}}
[debug] [2020-09-14T18:49:25.154Z] [worker-api-557ccac2-8747-4956-9109-8cd4f69913c9]: FINISHED {"metadata":{"emulator":{"name":"functions"},"message":"[worker-api-557ccac2-8747-4956-9109-8cd4f69913c9]: FINISHED"}}
[debug] [2020-09-14T18:49:25.154Z] [work-queue] {"queueLength":0,"workRunningCount":0}
